MultiCategorical
logisticRegression=0
crossValidation=0
mars output
L1 Absolute error:   0.947892
L1 Relative error:   0.415861
L2 Absolute error:    1.09442
L2 Relative error:   0.280179
Linf Absolute error:          2
pymars output
 MARS modeling, version 4.0 (7/13/09)
 input parameters (see doc.):
     n    p    nk   ms    mi   df     il   fv    ic 
   1000   3    5    0     1    3.0    0    0.0    0
 predictor variable flags:

 var:    1  2  3

 flag:   -1  -1  -1

 ordinal response:

          min          n/4          n/2          3n/4         max
           0            4            6           13           21 

 there are   3 categorical predictor variables.
 categorical variable   1 has   5 values.
 value     internal code     counts
     0             1             200
     1             2             200
     2             3             200
     3             4             200
     4             5             200
 categorical variable   2 has   2 values.
 value     internal code     counts
     0             1             500
     1             2             500
 categorical variable   3 has   3 values.
 value     internal code     counts
     0             1             300
     1             2             300
     2             3             400

 forward stepwise knot placement:

  basfn(s)    gcv      #indbsfns  #efprms   variable      knot            parent
    0          38.22      0.0      1.0
  2    1        10.05     1.0     4.0         1            00011                
  4    3        4.199     2.0     7.0         1            11010                
    5           1.224     3.0    10.0         3             001                 

  final model after backward stepwise elimination:

 bsfn:       0           1           2           3           4           5    
 coef:      6.0000     10.0000      0.0000     -5.0000      0.0000      3.5000
   (piecewise linear) gcv =        1.224   #efprms =  10.0
 anova decomposition on   3 basis functions:
  fun. std. dev.     -gcv    #bsfns  #efprms  variable(s)
   1      3.216      10.05      2       6       1
   2      1.715      4.199      1       3       3

 piecewise cubic fit on   3  basis functions, gcv =        1.224

 gcv removing each variable:
       1       2       3

     35.48     1.224     4.199

 relative variable importance:
       1       2       3

       100         0     29.46

Returned from python mars
L1 Absolute error:   0.947892
L1 Relative error:   0.415861
L2 Absolute error:    1.09442
L2 Relative error:   0.280179
Linf Absolute error:          2
